<?xml version="1.0" encoding="UTF-8"?>
<!-- Generated by org.testng.reporters.JUnitReportReporter -->
<testsuite hostname="HELLO" name="com.absa.testcases.TC4_VerifyImageAPIBySubBreed" tests="2" failures="0" timestamp="18 Jun 2019 18:01:48 GMT" time="1.532" errors="0">
  <testcase name="verifyImageAPIResponseBySubBreed" time="0.640" classname="com.absa.testcases.TC4_VerifyImageAPIBySubBreed"/>
  <testcase name="verifyImageAPIResponseBySubBreed" time="0.892" classname="com.absa.testcases.TC4_VerifyImageAPIBySubBreed"/>
</testsuite> <!-- com.absa.testcases.TC4_VerifyImageAPIBySubBreed -->
