<?xml version="1.0" encoding="UTF-8"?>
<!-- Generated by org.testng.reporters.JUnitReportReporter -->
<testsuite hostname="HELLO" name="com.absa.testcases.TC1_ListAllDogsData" tests="1" failures="0" timestamp="18 Jun 2019 18:01:48 GMT" time="2.425" errors="0">
  <testcase name="getDogDetails" time="2.425" classname="com.absa.testcases.TC1_ListAllDogsData"/>
</testsuite> <!-- com.absa.testcases.TC1_ListAllDogsData -->
