<?xml version="1.0" encoding="UTF-8"?>
<!-- Generated by org.testng.reporters.JUnitReportReporter -->
<testsuite hostname="HELLO" name="com.absa.reports.ExtentReportManager" tests="1" failures="0" timestamp="18 Jun 2019 09:04:10 GMT" time="0.019" errors="0">
  <testcase name="test" time="0.019" classname="com.absa.reports.ExtentReportManager"/>
</testsuite> <!-- com.absa.reports.ExtentReportManager -->
