<?xml version="1.0" encoding="UTF-8"?>
<!-- Generated by org.testng.reporters.JUnitReportReporter -->
<testsuite hostname="HELLO" name="com.absa.testcases.TC3_ListSubNodeValues" tests="1" failures="0" timestamp="18 Jun 2019 18:01:48 GMT" time="0.626" errors="0">
  <testcase name="listSubNodeDetails" time="0.626" classname="com.absa.testcases.TC3_ListSubNodeValues"/>
</testsuite> <!-- com.absa.testcases.TC3_ListSubNodeValues -->
